[2025-05-12 07:33:59Z INFO HostContext] No proxy settings were found based on environmental variables (http_proxy/https_proxy/HTTP_PROXY/HTTPS_PROXY)
[2025-05-12 07:33:59Z INFO HostContext] Well known directory 'Bin': 'C:\Users\gj\Desktop\Semester6\SCD_Project\iNotebook-scd\actions-runner\bin'
[2025-05-12 07:33:59Z INFO HostContext] Well known directory 'Root': 'C:\Users\gj\Desktop\Semester6\SCD_Project\iNotebook-scd\actions-runner'
[2025-05-12 07:33:59Z INFO HostContext] Well known config file 'Credentials': 'C:\Users\gj\Desktop\Semester6\SCD_Project\iNotebook-scd\actions-runner\.credentials'
[2025-05-12 07:33:59Z INFO HostContext] Well known directory 'Bin': 'C:\Users\gj\Desktop\Semester6\SCD_Project\iNotebook-scd\actions-runner\bin'
[2025-05-12 07:33:59Z INFO HostContext] Well known directory 'Root': 'C:\Users\gj\Desktop\Semester6\SCD_Project\iNotebook-scd\actions-runner'
[2025-05-12 07:33:59Z INFO HostContext] Well known config file 'Runner': 'C:\Users\gj\Desktop\Semester6\SCD_Project\iNotebook-scd\actions-runner\.runner'
[2025-05-12 07:33:59Z INFO Listener] Runner is built for Windows (X64) - win-x64.
[2025-05-12 07:33:59Z INFO Listener] RuntimeInformation: Microsoft Windows 10.0.22000.
[2025-05-12 07:33:59Z INFO Listener] Version: 2.311.0
[2025-05-12 07:33:59Z INFO Listener] Commit: f5cff308c83746dddd726a9a28a1583872305aaa
[2025-05-12 07:33:59Z INFO Listener] Culture: en-US
[2025-05-12 07:33:59Z INFO Listener] UI Culture: en-US
[2025-05-12 07:33:59Z INFO HostContext] Well known directory 'Bin': 'C:\Users\gj\Desktop\Semester6\SCD_Project\iNotebook-scd\actions-runner\bin'
[2025-05-12 07:33:59Z INFO HostContext] Well known directory 'Root': 'C:\Users\gj\Desktop\Semester6\SCD_Project\iNotebook-scd\actions-runner'
[2025-05-12 07:33:59Z INFO Listener] Validating directory permissions for: 'C:\Users\gj\Desktop\Semester6\SCD_Project\iNotebook-scd\actions-runner'
[2025-05-12 07:33:59Z INFO CommandLineParser] Parse
[2025-05-12 07:33:59Z INFO CommandLineParser] Parsing 5 args
[2025-05-12 07:33:59Z INFO CommandLineParser] parsing argument
[2025-05-12 07:33:59Z INFO CommandLineParser] HasArgs: False
[2025-05-12 07:33:59Z INFO CommandLineParser] Adding Command: configure
[2025-05-12 07:33:59Z INFO CommandLineParser] parsing argument
[2025-05-12 07:33:59Z INFO CommandLineParser] HasArgs: True
[2025-05-12 07:33:59Z INFO CommandLineParser] arg: url
[2025-05-12 07:33:59Z INFO CommandLineParser] parsing argument
[2025-05-12 07:33:59Z INFO CommandLineParser] HasArgs: True
[2025-05-12 07:33:59Z INFO CommandLineParser] Adding option 'url': 'https://github.com/ahsan1011664/SCD-PROJECT'
[2025-05-12 07:33:59Z INFO CommandLineParser] parsing argument
[2025-05-12 07:33:59Z INFO CommandLineParser] HasArgs: True
[2025-05-12 07:33:59Z INFO CommandLineParser] arg: token
[2025-05-12 07:33:59Z INFO CommandLineParser] parsing argument
[2025-05-12 07:33:59Z INFO CommandLineParser] HasArgs: True
[2025-05-12 07:33:59Z INFO CommandLineParser] Adding option 'token': '***'
[2025-05-12 07:33:59Z INFO Listener] Arguments parsed
[2025-05-12 07:33:59Z INFO Runner] ExecuteCommand
[2025-05-12 07:33:59Z INFO ConfigurationStore] currentAssemblyLocation: C:\Users\gj\Desktop\Semester6\SCD_Project\iNotebook-scd\actions-runner\bin\Runner.Listener.dll
[2025-05-12 07:33:59Z INFO HostContext] Well known directory 'Bin': 'C:\Users\gj\Desktop\Semester6\SCD_Project\iNotebook-scd\actions-runner\bin'
[2025-05-12 07:33:59Z INFO ConfigurationStore] binPath: C:\Users\gj\Desktop\Semester6\SCD_Project\iNotebook-scd\actions-runner\bin
[2025-05-12 07:33:59Z INFO HostContext] Well known directory 'Bin': 'C:\Users\gj\Desktop\Semester6\SCD_Project\iNotebook-scd\actions-runner\bin'
[2025-05-12 07:33:59Z INFO HostContext] Well known directory 'Root': 'C:\Users\gj\Desktop\Semester6\SCD_Project\iNotebook-scd\actions-runner'
[2025-05-12 07:33:59Z INFO ConfigurationStore] RootFolder: C:\Users\gj\Desktop\Semester6\SCD_Project\iNotebook-scd\actions-runner
[2025-05-12 07:33:59Z INFO HostContext] Well known directory 'Bin': 'C:\Users\gj\Desktop\Semester6\SCD_Project\iNotebook-scd\actions-runner\bin'
[2025-05-12 07:33:59Z INFO HostContext] Well known directory 'Root': 'C:\Users\gj\Desktop\Semester6\SCD_Project\iNotebook-scd\actions-runner'
[2025-05-12 07:33:59Z INFO HostContext] Well known config file 'Runner': 'C:\Users\gj\Desktop\Semester6\SCD_Project\iNotebook-scd\actions-runner\.runner'
[2025-05-12 07:33:59Z INFO ConfigurationStore] ConfigFilePath: C:\Users\gj\Desktop\Semester6\SCD_Project\iNotebook-scd\actions-runner\.runner
[2025-05-12 07:33:59Z INFO HostContext] Well known directory 'Bin': 'C:\Users\gj\Desktop\Semester6\SCD_Project\iNotebook-scd\actions-runner\bin'
[2025-05-12 07:33:59Z INFO HostContext] Well known directory 'Root': 'C:\Users\gj\Desktop\Semester6\SCD_Project\iNotebook-scd\actions-runner'
[2025-05-12 07:33:59Z INFO HostContext] Well known config file 'Credentials': 'C:\Users\gj\Desktop\Semester6\SCD_Project\iNotebook-scd\actions-runner\.credentials'
[2025-05-12 07:33:59Z INFO ConfigurationStore] CredFilePath: C:\Users\gj\Desktop\Semester6\SCD_Project\iNotebook-scd\actions-runner\.credentials
[2025-05-12 07:33:59Z INFO HostContext] Well known directory 'Bin': 'C:\Users\gj\Desktop\Semester6\SCD_Project\iNotebook-scd\actions-runner\bin'
[2025-05-12 07:33:59Z INFO HostContext] Well known directory 'Root': 'C:\Users\gj\Desktop\Semester6\SCD_Project\iNotebook-scd\actions-runner'
[2025-05-12 07:33:59Z INFO HostContext] Well known config file 'MigratedCredentials': 'C:\Users\gj\Desktop\Semester6\SCD_Project\iNotebook-scd\actions-runner\.credentials_migrated'
[2025-05-12 07:33:59Z INFO ConfigurationStore] MigratedCredFilePath: C:\Users\gj\Desktop\Semester6\SCD_Project\iNotebook-scd\actions-runner\.credentials_migrated
[2025-05-12 07:33:59Z INFO HostContext] Well known directory 'Bin': 'C:\Users\gj\Desktop\Semester6\SCD_Project\iNotebook-scd\actions-runner\bin'
[2025-05-12 07:33:59Z INFO HostContext] Well known directory 'Root': 'C:\Users\gj\Desktop\Semester6\SCD_Project\iNotebook-scd\actions-runner'
[2025-05-12 07:33:59Z INFO HostContext] Well known config file 'Service': 'C:\Users\gj\Desktop\Semester6\SCD_Project\iNotebook-scd\actions-runner\.service'
[2025-05-12 07:33:59Z INFO ConfigurationStore] ServiceConfigFilePath: C:\Users\gj\Desktop\Semester6\SCD_Project\iNotebook-scd\actions-runner\.service
[2025-05-12 07:33:59Z INFO CommandSettings] Flag 'help': 'False'
[2025-05-12 07:33:59Z INFO CommandSettings] Flag 'version': 'False'
[2025-05-12 07:33:59Z INFO CommandSettings] Flag 'commit': 'False'
[2025-05-12 07:33:59Z INFO CommandSettings] Flag 'check': 'False'
[2025-05-12 07:33:59Z INFO CommandSettings] Command 'configure': 'True'
[2025-05-12 07:34:00Z INFO Terminal] WRITE LINE: 
[2025-05-12 07:34:00Z INFO Terminal] WRITE LINE: --------------------------------------------------------------------------------
[2025-05-12 07:34:00Z INFO Terminal] WRITE LINE: |        ____ _ _   _   _       _          _        _   _                      |
[2025-05-12 07:34:00Z INFO Terminal] WRITE LINE: |       / ___(_) |_| | | |_   _| |__      / \   ___| |_(_) ___  _ __  ___      |
[2025-05-12 07:34:00Z INFO Terminal] WRITE LINE: |      | |  _| | __| |_| | | | | '_ \    / _ \ / __| __| |/ _ \| '_ \/ __|     |
[2025-05-12 07:34:00Z INFO Terminal] WRITE LINE: |      | |_| | | |_|  _  | |_| | |_) |  / ___ \ (__| |_| | (_) | | | \__ \     |
[2025-05-12 07:34:00Z INFO Terminal] WRITE LINE: |       \____|_|\__|_| |_|\__,_|_.__/  /_/   \_\___|\__|_|\___/|_| |_|___/     |
[2025-05-12 07:34:00Z INFO Terminal] WRITE LINE: |                                                                              |
[2025-05-12 07:34:00Z INFO Terminal] WRITE: |                       
[2025-05-12 07:34:00Z INFO Terminal] WRITE: Self-hosted runner registration
[2025-05-12 07:34:00Z INFO Terminal] WRITE LINE:                         |
[2025-05-12 07:34:00Z INFO Terminal] WRITE LINE: |                                                                              |
[2025-05-12 07:34:00Z INFO Terminal] WRITE LINE: --------------------------------------------------------------------------------
[2025-05-12 07:34:00Z INFO ConfigurationManager] ConfigureAsync
[2025-05-12 07:34:00Z INFO CommandSettings] Flag 'generateServiceConfig': 'False'
[2025-05-12 07:34:00Z INFO ConfigurationStore] IsConfigured()
[2025-05-12 07:34:00Z INFO ConfigurationStore] IsConfigured: False
[2025-05-12 07:34:00Z INFO ConfigurationManager] Is configured: False
[2025-05-12 07:34:00Z INFO CommandSettings] Arg 'url': 'https://github.com/ahsan1011664/SCD-PROJECT'
[2025-05-12 07:34:00Z INFO CommandSettings] Remove url from Arg dictionary.
[2025-05-12 07:34:00Z INFO CommandSettings] Arg 'token': '***'
[2025-05-12 07:34:00Z INFO CommandSettings] Remove token from Arg dictionary.
[2025-05-12 07:34:01Z INFO ConfigurationManager] Http response code: OK from 'POST https://api.github.com/actions/runner-registration' (D269:397FB6:A1E756:E10B18:6821A46B)
[2025-05-12 07:34:01Z INFO ConfigurationManager] Using V2 flow: False
[2025-05-12 07:34:01Z INFO ConfigurationManager] cred retrieved via GitHub auth
[2025-05-12 07:34:01Z INFO RunnerServer] EstablishVssConnection
[2025-05-12 07:34:01Z INFO RunnerServer] Establish connection with 100 seconds timeout.
[2025-05-12 07:34:01Z INFO GitHubActionsService] Starting operation Location.GetConnectionData
[2025-05-12 07:34:01Z INFO RunnerServer] EstablishVssConnection
[2025-05-12 07:34:01Z INFO RunnerServer] Establish connection with 60 seconds timeout.
[2025-05-12 07:34:01Z INFO GitHubActionsService] Starting operation Location.GetConnectionData
[2025-05-12 07:34:01Z INFO RunnerServer] EstablishVssConnection
[2025-05-12 07:34:01Z INFO RunnerServer] Establish connection with 60 seconds timeout.
[2025-05-12 07:34:01Z INFO GitHubActionsService] Starting operation Location.GetConnectionData
[2025-05-12 07:34:03Z INFO GitHubActionsService] Finished operation Location.GetConnectionData
[2025-05-12 07:34:03Z INFO GitHubActionsService] Finished operation Location.GetConnectionData
[2025-05-12 07:34:03Z INFO GitHubActionsService] Finished operation Location.GetConnectionData
[2025-05-12 07:34:03Z INFO Terminal] WRITE LINE: 
[2025-05-12 07:34:03Z INFO ConfigurationManager] Test Connection complete.
[2025-05-12 07:34:03Z INFO HostContext] Well known directory 'Bin': 'C:\Users\gj\Desktop\Semester6\SCD_Project\iNotebook-scd\actions-runner\bin'
[2025-05-12 07:34:03Z INFO HostContext] Well known directory 'Root': 'C:\Users\gj\Desktop\Semester6\SCD_Project\iNotebook-scd\actions-runner'
[2025-05-12 07:34:03Z INFO HostContext] Well known config file 'RSACredentials': 'C:\Users\gj\Desktop\Semester6\SCD_Project\iNotebook-scd\actions-runner\.credentials_rsaparams'
[2025-05-12 07:34:03Z INFO RSAEncryptedFileKeyManager] Creating new RSA key using 2048-bit key length
[2025-05-12 07:34:03Z INFO RSAEncryptedFileKeyManager] Successfully saved RSA key parameters to file C:\Users\gj\Desktop\Semester6\SCD_Project\iNotebook-scd\actions-runner\.credentials_rsaparams
[2025-05-12 07:34:04Z INFO CommandSettings] Arg 'runnergroup': ''
[2025-05-12 07:34:04Z INFO CommandSettings] Flag 'unattended': 'False'
[2025-05-12 07:34:04Z INFO PromptManager] ReadValue
[2025-05-12 07:34:04Z INFO Terminal] WRITE: Enter the name of the runner group to add this runner to: 
[2025-05-12 07:34:04Z INFO Terminal] WRITE: [press Enter for Default] 
[2025-05-12 07:34:04Z INFO Terminal] READ LINE
[2025-05-12 07:34:15Z INFO Terminal] Read value: ''
[2025-05-12 07:34:15Z INFO PromptManager] Falling back to the default: 'Default'
[2025-05-12 07:34:15Z INFO Terminal] WRITE LINE: 
[2025-05-12 07:34:15Z INFO ConfigurationManager] Found a self-hosted runner group with id 1 and name Default
[2025-05-12 07:34:15Z INFO CommandSettings] Flag 'disableupdate': 'False'
[2025-05-12 07:34:15Z INFO CommandSettings] Flag 'ephemeral': 'False'
[2025-05-12 07:34:15Z INFO CommandSettings] Arg 'name': ''
[2025-05-12 07:34:15Z INFO CommandSettings] Flag 'unattended': 'False'
[2025-05-12 07:34:15Z INFO PromptManager] ReadValue
[2025-05-12 07:34:15Z INFO Terminal] WRITE: Enter the name of runner: 
[2025-05-12 07:34:15Z INFO Terminal] WRITE: [press Enter for DESKTOP-52ROIOA] 
[2025-05-12 07:34:15Z INFO Terminal] READ LINE
[2025-05-12 07:34:17Z INFO Terminal] Read value: ''
[2025-05-12 07:34:17Z INFO PromptManager] Falling back to the default: 'DESKTOP-52ROIOA'
[2025-05-12 07:34:17Z INFO Terminal] WRITE LINE: 
[2025-05-12 07:34:17Z INFO CommandSettings] Arg 'labels': ''
[2025-05-12 07:34:17Z INFO CommandSettings] Flag 'unattended': 'False'
[2025-05-12 07:34:17Z INFO PromptManager] ReadValue
[2025-05-12 07:34:17Z INFO Terminal] WRITE: This runner will have the following labels: 'self-hosted', 'Windows', 'X64' 
Enter any additional labels (ex. label-1,label-2): 
[2025-05-12 07:34:17Z INFO Terminal] WRITE: [press Enter to skip] 
[2025-05-12 07:34:17Z INFO Terminal] READ LINE
[2025-05-12 07:34:19Z INFO Terminal] Read value: ''
[2025-05-12 07:34:19Z INFO Terminal] WRITE LINE: 
[2025-05-12 07:34:19Z INFO CommandSettings] Flag 'disableupdate': 'False'
[2025-05-12 07:34:19Z INFO CommandSettings] Flag 'no-default-labels': 'False'
[2025-05-12 07:34:19Z INFO CommandSettings] Flag 'disableupdate': 'False'
[2025-05-12 07:34:19Z INFO CommandSettings] Flag 'ephemeral': 'False'
[2025-05-12 07:34:19Z INFO ConfigurationStore] Saving OAuth credential @ C:\Users\gj\Desktop\Semester6\SCD_Project\iNotebook-scd\actions-runner\.credentials
[2025-05-12 07:34:19Z INFO ConfigurationStore] Credentials Saved.
[2025-05-12 07:34:19Z INFO ConfigurationStore] HasCredentials()
[2025-05-12 07:34:19Z INFO ConfigurationStore] stored True
[2025-05-12 07:34:19Z INFO CredentialManager] GetCredentialProvider
[2025-05-12 07:34:19Z INFO CredentialManager] Creating type OAuth
[2025-05-12 07:34:19Z INFO CredentialManager] Creating credential type: OAuth
[2025-05-12 07:34:19Z INFO RSAEncryptedFileKeyManager] Loading RSA key parameters from file C:\Users\gj\Desktop\Semester6\SCD_Project\iNotebook-scd\actions-runner\.credentials_rsaparams
[2025-05-12 07:34:19Z INFO RunnerServer] EstablishVssConnection
[2025-05-12 07:34:19Z INFO RunnerServer] Establish connection with 100 seconds timeout.
[2025-05-12 07:34:19Z INFO GitHubActionsService] Starting operation Location.GetConnectionData
[2025-05-12 07:34:19Z INFO RunnerServer] EstablishVssConnection
[2025-05-12 07:34:19Z INFO RunnerServer] Establish connection with 60 seconds timeout.
[2025-05-12 07:34:19Z INFO GitHubActionsService] Starting operation Location.GetConnectionData
[2025-05-12 07:34:19Z INFO RunnerServer] EstablishVssConnection
[2025-05-12 07:34:19Z INFO RunnerServer] Establish connection with 60 seconds timeout.
[2025-05-12 07:34:19Z INFO GitHubActionsService] Starting operation Location.GetConnectionData
[2025-05-12 07:34:20Z INFO GitHubActionsService] Finished operation Location.GetConnectionData
[2025-05-12 07:34:20Z INFO GitHubActionsService] Finished operation Location.GetConnectionData
[2025-05-12 07:34:20Z INFO GitHubActionsService] Finished operation Location.GetConnectionData
[2025-05-12 07:34:21Z INFO RSAEncryptedFileKeyManager] Loading RSA key parameters from file C:\Users\gj\Desktop\Semester6\SCD_Project\iNotebook-scd\actions-runner\.credentials_rsaparams
[2025-05-12 07:34:21Z INFO RSAEncryptedFileKeyManager] Loading RSA key parameters from file C:\Users\gj\Desktop\Semester6\SCD_Project\iNotebook-scd\actions-runner\.credentials_rsaparams
[2025-05-12 07:34:22Z INFO GitHubActionsService] AAD Correlation ID for this token request: Unknown
[2025-05-12 07:34:22Z INFO CommandSettings] Arg 'work': ''
[2025-05-12 07:34:22Z INFO CommandSettings] Flag 'unattended': 'False'
[2025-05-12 07:34:22Z INFO PromptManager] ReadValue
[2025-05-12 07:34:22Z INFO Terminal] WRITE: Enter name of work folder: 
[2025-05-12 07:34:22Z INFO Terminal] WRITE: [press Enter for _work] 
[2025-05-12 07:34:22Z INFO Terminal] READ LINE
[2025-05-12 07:34:27Z INFO Terminal] Read value: ''
[2025-05-12 07:34:27Z INFO PromptManager] Falling back to the default: '_work'
[2025-05-12 07:34:27Z INFO ConfigurationStore] Saving runner settings.
[2025-05-12 07:34:27Z INFO ConfigurationStore] Settings Saved.
[2025-05-12 07:34:27Z INFO Terminal] WRITE LINE: 
[2025-05-12 07:34:27Z INFO Terminal] WRITE LINE: 
[2025-05-12 07:34:27Z INFO CommandSettings] Flag 'runasservice': 'False'
[2025-05-12 07:34:27Z INFO CommandSettings] Flag 'unattended': 'False'
[2025-05-12 07:34:27Z INFO PromptManager] ReadValue
[2025-05-12 07:34:27Z INFO Terminal] WRITE: Would you like to run the runner as service? (Y/N) 
[2025-05-12 07:34:27Z INFO Terminal] WRITE: [press Enter for N] 
[2025-05-12 07:34:27Z INFO Terminal] READ LINE
[2025-05-12 07:34:39Z INFO Terminal] Read value: 'y'
[2025-05-12 07:34:39Z INFO ConfigurationManager] Configuring to run the agent as service
[2025-05-12 07:34:39Z ERR  WindowsServiceControlManager] Needs Administrator privileges for configure runner as windows service.
[2025-05-12 07:34:39Z ERR  Runner] System.Security.SecurityException: Needs Administrator privileges for configuring runner as windows service.
   at GitHub.Runner.Listener.Configuration.WindowsServiceControlManager.ConfigureService(RunnerSettings settings, CommandSettings command)
   at GitHub.Runner.Listener.Configuration.ConfigurationManager.ConfigureAsync(CommandSettings command)
   at GitHub.Runner.Listener.Runner.ExecuteCommand(CommandSettings command)
[2025-05-12 07:34:39Z ERR  Terminal] WRITE ERROR: Needs Administrator privileges for configuring runner as windows service.
[2025-05-12 07:34:39Z INFO Listener] Runner execution has finished with return code 1
